<?xml version="1.0" encoding="UTF-8"?><testsuite failures="6" name="cucumber.runtime.formatter.JUnitFormatter" skipped="0" tests="34" time="1314.209428">
<testcase classname="用户管理" name="单个添加用户" time="19.708549">
<system-out><![CDATA[假如登陆MDM服务器..................................................................passed
当添加单个用户:账户名mdmtest1@pekall.com姓名自动化测试密码123456确认密码123456电话010-2222222手机12345678910.passed
那么用户单个添加成功..................................................................passed
]]></system-out>
</testcase>
<testcase classname="用户管理" name="单个添加用户" time="8.635897">
<system-out><![CDATA[假如登陆MDM服务器..................................................................passed
当添加单个用户:账户名zhenhua.sang@pekall.com姓名自动测试下发密码123456确认密码123456电话010-2222222手机12345678910.passed
那么用户单个添加成功..................................................................passed
]]></system-out>
</testcase>
<testcase classname="用户管理" name="批量添加用户" time="12.718172">
<failure message="java.lang.AssertionError&#13;&#10;&#9;at org.junit.Assert.fail(Assert.java:86)&#13;&#10;&#9;at org.junit.Assert.assertTrue(Assert.java:41)&#13;&#10;&#9;at org.junit.Assert.assertTrue(Assert.java:52)&#13;&#10;&#9;at com.pekall.test.mdm.support.util.MyAssert.assert_True(MyAssert.java:13)&#13;&#10;&#9;at com.pekall.test.mdm.support.service.CommonAction.actionSuccessCheck(CommonAction.java:162)&#13;&#10;&#9;at com.pekall.test.mdm.step.Common_step._成功(Common_step.java:242)&#13;&#10;&#9;at ✽.那么用户批量添加成功(com/pekall/test/mdm/features/a_用户管理.feature:21)&#13;&#10;"><![CDATA[假如登陆MDM服务器..................................................................passed
当导入文件d:\mdm_organization_template.xlsx批量添加用户................................passed
那么用户批量添加成功..................................................................failed

StackTrace:
java.lang.AssertionError
	at org.junit.Assert.fail(Assert.java:86)
	at org.junit.Assert.assertTrue(Assert.java:41)
	at org.junit.Assert.assertTrue(Assert.java:52)
	at com.pekall.test.mdm.support.util.MyAssert.assert_True(MyAssert.java:13)
	at com.pekall.test.mdm.support.service.CommonAction.actionSuccessCheck(CommonAction.java:162)
	at com.pekall.test.mdm.step.Common_step._成功(Common_step.java:242)
	at ✽.那么用户批量添加成功(com/pekall/test/mdm/features/a_用户管理.feature:21)
]]></failure>
</testcase>
<testcase classname="用户管理" name="发送消息" time="22.348816">
<system-out><![CDATA[假如登陆MDM服务器..................................................................passed
当选择用户.......................................................................passed
而且给用户发送消息...................................................................passed
那么服务器消息发送成功.................................................................passed
那么用户手机消息接收成功................................................................passed
]]></system-out>
</testcase>
<testcase classname="用户管理" name="删除用户" time="10.598351">
<system-out><![CDATA[假如登陆MDM服务器..................................................................passed
当选择用户.......................................................................passed
而且删除用户......................................................................passed
那么用户删除成功....................................................................passed
]]></system-out>
</testcase>
<testcase classname="设备管理" name="定位" time="15.934716">
<system-out><![CDATA[假如登陆MDM服务器..................................................................passed
当选择设备.......................................................................passed
而且定位设备......................................................................passed
那么设备定位成功....................................................................passed
]]></system-out>
</testcase>
<testcase classname="设备管理" name="锁定" time="27.514986">
<system-out><![CDATA[假如登陆MDM服务器..................................................................passed
当选择设备.......................................................................passed
而且锁定设备......................................................................passed
那么服务器锁定设备成功.................................................................passed
而且用户手机锁定成功..................................................................passed
]]></system-out>
</testcase>
<testcase classname="设备管理" name="擦除企业数据" time="38.986856">
<system-out><![CDATA[假如登陆MDM服务器..................................................................passed
当选择设备.......................................................................passed
而且部分擦除设备....................................................................passed
那么服务器部分擦除设备成功...............................................................passed
而且用户手机部分擦除成功................................................................passed
]]></system-out>
</testcase>
<testcase classname="策略配置" name="添加Android密码策略" time="8.839114">
<system-out><![CDATA[假如登陆MDM服务器..................................................................passed
当添加Android密码策略..............................................................passed
那么Android密码策略添加成功...........................................................passed
]]></system-out>
</testcase>
<testcase classname="策略配置" name="Android密码策略下发分组" time="154.125394">
<failure message="java.lang.AssertionError&#13;&#10;&#9;at org.junit.Assert.fail(Assert.java:86)&#13;&#10;&#9;at org.junit.Assert.assertTrue(Assert.java:41)&#13;&#10;&#9;at org.junit.Assert.assertTrue(Assert.java:52)&#13;&#10;&#9;at com.pekall.test.mdm.step.Common_step._成功(Common_step.java:49)&#13;&#10;&#9;at ✽.而且用户手机Android密码策略接收成功(com/pekall/test/mdm/features/c_策略配置.feature:26)&#13;&#10;"><![CDATA[假如登陆MDM服务器..................................................................passed
当选择Android密码策略..............................................................passed
而且Android密码策略下发到分组..........................................................passed
那么服务器Android密码策略下发到分组成功.....................................................passed
而且用户手机Android密码策略接收成功.......................................................failed

StackTrace:
java.lang.AssertionError
	at org.junit.Assert.fail(Assert.java:86)
	at org.junit.Assert.assertTrue(Assert.java:41)
	at org.junit.Assert.assertTrue(Assert.java:52)
	at com.pekall.test.mdm.step.Common_step._成功(Common_step.java:49)
	at ✽.而且用户手机Android密码策略接收成功(com/pekall/test/mdm/features/c_策略配置.feature:26)
]]></failure>
</testcase>
<testcase classname="策略配置" name="Android密码策略下发用户" time="14.04086">
<system-out><![CDATA[假如登陆MDM服务器..................................................................passed
当选择Android密码策略..............................................................passed
而且Android密码策略下发到用户..........................................................passed
那么服务器Android密码策略下发到用户成功.....................................................passed
]]></system-out>
</testcase>
<testcase classname="策略配置" name="更新Android密码策略" time="83.39721">
<system-out><![CDATA[假如登陆MDM服务器..................................................................passed
当选择Android密码策略..............................................................passed
而且更新Android密码策略.............................................................passed
那么服务器Android密码策略更新成功........................................................passed
而且用户手机Android密码策略更新成功.......................................................passed
]]></system-out>
</testcase>
<testcase classname="策略配置" name="删除Android密码策略" time="10.727794">
<system-out><![CDATA[假如登陆MDM服务器..................................................................passed
当选择Android密码策略..............................................................passed
而且删除Android密码策略.............................................................passed
那么Android密码策略删除成功...........................................................passed
]]></system-out>
</testcase>
<testcase classname="策略配置" name="解锁设备" time="15.308093">
<system-out><![CDATA[假如登陆MDM服务器..................................................................passed
当选择设备.......................................................................passed
而且解锁设备......................................................................passed
那么服务器解锁设备成功.................................................................passed
而且用户手机解锁成功..................................................................passed
]]></system-out>
</testcase>
<testcase classname="策略配置" name="添加Android限制策略" time="8.250398">
<system-out><![CDATA[假如登陆MDM服务器..................................................................passed
当添加Android限制策略..............................................................passed
那么Android限制策略添加成功...........................................................passed
]]></system-out>
</testcase>
<testcase classname="策略配置" name="Android限制策略下发分组" time="141.67156">
<failure message="java.lang.AssertionError&#13;&#10;&#9;at org.junit.Assert.fail(Assert.java:86)&#13;&#10;&#9;at org.junit.Assert.assertTrue(Assert.java:41)&#13;&#10;&#9;at org.junit.Assert.assertTrue(Assert.java:52)&#13;&#10;&#9;at com.pekall.test.mdm.step.Common_step._成功(Common_step.java:62)&#13;&#10;&#9;at ✽.而且用户手机Android限制策略接收成功(com/pekall/test/mdm/features/c_策略配置.feature:89)&#13;&#10;"><![CDATA[假如登陆MDM服务器..................................................................passed
当选择Android限制策略..............................................................passed
而且Android限制策略下发到分组..........................................................passed
那么服务器Android限制策略下发到分组成功.....................................................passed
而且用户手机Android限制策略接收成功.......................................................failed

StackTrace:
java.lang.AssertionError
	at org.junit.Assert.fail(Assert.java:86)
	at org.junit.Assert.assertTrue(Assert.java:41)
	at org.junit.Assert.assertTrue(Assert.java:52)
	at com.pekall.test.mdm.step.Common_step._成功(Common_step.java:62)
	at ✽.而且用户手机Android限制策略接收成功(com/pekall/test/mdm/features/c_策略配置.feature:89)
]]></failure>
</testcase>
<testcase classname="策略配置" name="Android限制策略下发用户" time="14.084632">
<system-out><![CDATA[假如登陆MDM服务器..................................................................passed
当选择Android限制策略..............................................................passed
而且Android限制策略下发到用户..........................................................passed
那么服务器Android限制策略下发到用户成功.....................................................passed
]]></system-out>
</testcase>
<testcase classname="策略配置" name="删除Android限制策略" time="22.574668">
<system-out><![CDATA[假如登陆MDM服务器..................................................................passed
当选择Android限制策略..............................................................passed
而且删除Android限制策略.............................................................passed
那么服务器Android限制策略删除成功........................................................passed
而且用户手机Android限制策略删除成功.......................................................passed
]]></system-out>
</testcase>
<testcase classname="策略配置" name="添加WIFI配置" time="9.924456">
<system-out><![CDATA[假如登陆MDM服务器..................................................................passed
当添加WIFI配置...................................................................passed
那么WIFI配置添加成功................................................................passed
]]></system-out>
</testcase>
<testcase classname="策略配置" name="WIFI配置下发分组" time="30.652146">
<system-out><![CDATA[假如登陆MDM服务器..................................................................passed
当选择WIFI策略...................................................................passed
而且WIFI配置下发到分组...............................................................passed
那么服务器WIFI配置下发到分组成功..........................................................passed
而且用户手机WIFI配置接收成功............................................................passed
]]></system-out>
</testcase>
<testcase classname="策略配置" name="更新WIFI配置" time="26.90576">
<system-out><![CDATA[假如登陆MDM服务器..................................................................passed
当选择WIFI策略...................................................................passed
当更新WIFI配置...................................................................passed
那么服务器WIFI配置更新成功.............................................................passed
而且用户手机WIFI配置更新成功............................................................passed
]]></system-out>
</testcase>
<testcase classname="策略配置" name="删除WIFI配置" time="26.666795">
<system-out><![CDATA[假如登陆MDM服务器..................................................................passed
当选择WIFI策略...................................................................passed
当删除WIFI配置...................................................................passed
那么服务器WIFI配置删除成功.............................................................passed
而且用户手机WIFI配置删除成功............................................................passed
]]></system-out>
</testcase>
<testcase classname="策略配置" name="添加Emial配置" time="11.586741">
<system-out><![CDATA[假如登陆MDM服务器..................................................................passed
当添加Email配置..................................................................passed
那么Email配置添加成功...............................................................passed
]]></system-out>
</testcase>
<testcase classname="策略配置" name="Email配置下发用户" time="51.964843">
<system-out><![CDATA[假如登陆MDM服务器..................................................................passed
当选择Email策略..................................................................passed
而且Email配置下发到用户..............................................................passed
那么服务器Email配置下发到用户成功.........................................................passed
而且用户手机Email配置接收成功...........................................................passed
]]></system-out>
</testcase>
<testcase classname="策略配置" name="更新Email配置" time="22.71665">
<system-out><![CDATA[假如登陆MDM服务器..................................................................passed
当选择Email策略..................................................................passed
当更新Email配置..................................................................passed
那么服务器Email配置更新成功............................................................passed
而且用户手机Email配置更新成功...........................................................passed
]]></system-out>
</testcase>
<testcase classname="策略配置" name="删除Email配置" time="18.067933">
<system-out><![CDATA[假如登陆MDM服务器..................................................................passed
当选择Email策略..................................................................passed
当删除Email配置..................................................................passed
那么服务器Email配置删除成功............................................................passed
而且用户手机Email配置删除成功...........................................................passed
]]></system-out>
</testcase>
<testcase classname="文档管理" name="新建文档" time="10.44768">
<system-out><![CDATA[假如登陆MDM服务器..................................................................passed
当添加文档.......................................................................passed
那么文档添加成功....................................................................passed
]]></system-out>
</testcase>
<testcase classname="文档管理" name="文档下发" time="136.231936">
<failure message="java.lang.AssertionError&#13;&#10;&#9;at org.junit.Assert.fail(Assert.java:86)&#13;&#10;&#9;at org.junit.Assert.assertTrue(Assert.java:41)&#13;&#10;&#9;at org.junit.Assert.assertTrue(Assert.java:52)&#13;&#10;&#9;at com.pekall.test.mdm.step.Common_step._成功(Common_step.java:102)&#13;&#10;&#9;at ✽.而且用户手机文档接收成功(com/pekall/test/mdm/features/d_文档管理.feature:24)&#13;&#10;"><![CDATA[假如登陆MDM服务器..................................................................passed
当选择文档.......................................................................passed
而且文档下发到分组...................................................................passed
那么服务器文档下发到分组成功..............................................................passed
而且用户手机文档接收成功................................................................failed

StackTrace:
java.lang.AssertionError
	at org.junit.Assert.fail(Assert.java:86)
	at org.junit.Assert.assertTrue(Assert.java:41)
	at org.junit.Assert.assertTrue(Assert.java:52)
	at com.pekall.test.mdm.step.Common_step._成功(Common_step.java:102)
	at ✽.而且用户手机文档接收成功(com/pekall/test/mdm/features/d_文档管理.feature:24)
]]></failure>
</testcase>
<testcase classname="文档管理" name="文档删除" time="20.774501">
<system-out><![CDATA[假如登陆MDM服务器..................................................................passed
当选择文档.......................................................................passed
而且删除文档......................................................................passed
那么服务器文档删除成功.................................................................passed
而且用户手机文档删除成功................................................................passed
]]></system-out>
</testcase>
<testcase classname="企业通讯录管理" name="新建企业通讯录" time="8.74161">
<system-out><![CDATA[假如登陆MDM服务器..................................................................passed
当添加企业通讯录....................................................................passed
那么通讯录添加成功...................................................................passed
]]></system-out>
</testcase>
<testcase classname="企业通讯录管理" name="企业通讯录下发" time="145.118267">
<failure message="java.lang.AssertionError&#13;&#10;&#9;at org.junit.Assert.fail(Assert.java:86)&#13;&#10;&#9;at org.junit.Assert.assertTrue(Assert.java:41)&#13;&#10;&#9;at org.junit.Assert.assertTrue(Assert.java:52)&#13;&#10;&#9;at com.pekall.test.mdm.step.Common_step._成功(Common_step.java:112)&#13;&#10;&#9;at ✽.而且用户手机通讯录接收成功(com/pekall/test/mdm/features/e_企业通讯录管理.feature:24)&#13;&#10;"><![CDATA[假如登陆MDM服务器..................................................................passed
当选择通讯录......................................................................passed
而且通讯录下发到分组..................................................................passed
那么服务器通讯录下发到分组成功.............................................................passed
而且用户手机通讯录接收成功...............................................................failed

StackTrace:
java.lang.AssertionError
	at org.junit.Assert.fail(Assert.java:86)
	at org.junit.Assert.assertTrue(Assert.java:41)
	at org.junit.Assert.assertTrue(Assert.java:52)
	at com.pekall.test.mdm.step.Common_step._成功(Common_step.java:112)
	at ✽.而且用户手机通讯录接收成功(com/pekall/test/mdm/features/e_企业通讯录管理.feature:24)
]]></failure>
</testcase>
<testcase classname="企业通讯录管理" name="企业通讯录更新" time="134.199483">
<failure message="java.lang.AssertionError&#13;&#10;&#9;at org.junit.Assert.fail(Assert.java:86)&#13;&#10;&#9;at org.junit.Assert.assertTrue(Assert.java:41)&#13;&#10;&#9;at org.junit.Assert.assertTrue(Assert.java:52)&#13;&#10;&#9;at com.pekall.test.mdm.step.Common_step._成功(Common_step.java:117)&#13;&#10;&#9;at ✽.而且用户手机通讯录更新成功(com/pekall/test/mdm/features/e_企业通讯录管理.feature:36)&#13;&#10;"><![CDATA[假如登陆MDM服务器..................................................................passed
当选择通讯录......................................................................passed
而且更新通讯录.....................................................................passed
那么服务器通讯录更新成功................................................................passed
而且用户手机通讯录更新成功...............................................................failed

StackTrace:
java.lang.AssertionError
	at org.junit.Assert.fail(Assert.java:86)
	at org.junit.Assert.assertTrue(Assert.java:41)
	at org.junit.Assert.assertTrue(Assert.java:52)
	at com.pekall.test.mdm.step.Common_step._成功(Common_step.java:117)
	at ✽.而且用户手机通讯录更新成功(com/pekall/test/mdm/features/e_企业通讯录管理.feature:36)
]]></failure>
</testcase>
<testcase classname="企业通讯录管理" name="删除企业通讯录" time="23.63499">
<system-out><![CDATA[假如登陆MDM服务器..................................................................passed
当选择通讯录......................................................................passed
而且删除通讯录.....................................................................passed
那么服务器通讯录删除成功................................................................passed
而且用户手机通讯录删除成功...............................................................passed
]]></system-out>
</testcase>
<testcase classname="系统设置" name="邮件配置" time="7.109571">
<system-out><![CDATA[假如登陆MDM服务器..................................................................passed
当在系统设置里面配置邮件................................................................passed
那么邮件配置成功....................................................................passed
]]></system-out>
</testcase>
</testsuite>
